[debug] [2017-12-08T14:22:07.142Z] ----------------------------------------------------------------------
[debug] [2017-12-08T14:22:07.157Z] Command:       C:\Program Files\nodejs\node.exe C:\Users\buoya\AppData\Roaming\npm\node_modules\firebase-tools\bin\firebase serve
[debug] [2017-12-08T14:22:07.157Z] CLI Version:   3.16.0
[debug] [2017-12-08T14:22:07.157Z] Platform:      win32
[debug] [2017-12-08T14:22:07.157Z] Node Version:  v9.0.0
[debug] [2017-12-08T14:22:07.157Z] Time:          Fri Dec 08 2017 19:52:07 GMT+0530 (India Standard Time)
[debug] [2017-12-08T14:22:07.157Z] ----------------------------------------------------------------------
[debug] 
[debug] [2017-12-08T14:22:07.173Z] > command requires scopes: ["email","openid","https://www.googleapis.com/auth/cloudplatformprojects.readonly","https://www.googleapis.com/auth/firebase","https://www.googleapis.com/auth/cloud-platform"]
[debug] [2017-12-08T14:22:07.173Z] > authorizing via signed-in user
[debug] [2017-12-08T14:22:07.173Z] > refreshing access token with scopes: ["email","https://www.googleapis.com/auth/cloud-platform","https://www.googleapis.com/auth/cloudplatformprojects.readonly","https://www.googleapis.com/auth/firebase","openid"]
[debug] [2017-12-08T14:22:07.173Z] >>> HTTP REQUEST POST https://www.googleapis.com/oauth2/v3/token  
 { refresh_token: '1/E3pp8NUppACC_4AAh_YGskT3Jv1i9q6jN8aJiVuiB_s',
  client_id: '563584335869-fgrhgmd47bqnekij5i8b5pr03ho849e6.apps.googleusercontent.com',
  client_secret: 'j9iVZfS8kkCEFUPaAeJV0sAi',
  grant_type: 'refresh_token',
  scope: 'email https://www.googleapis.com/auth/cloud-platform https://www.googleapis.com/auth/cloudplatformprojects.readonly https://www.googleapis.com/auth/firebase openid' } 
 Fri Dec 08 2017 19:52:07 GMT+0530 (India Standard Time)
[debug] [2017-12-08T14:22:07.477Z] <<< HTTP RESPONSE 200
[debug] [2017-12-08T14:22:07.526Z] >>> HTTP REQUEST GET https://admin.firebase.com/v1/projects/friendly-tutorial  
  
 Fri Dec 08 2017 19:52:07 GMT+0530 (India Standard Time)
[debug] [2017-12-08T14:22:08.660Z] <<< HTTP RESPONSE 200
[debug] [2017-12-08T14:22:08.660Z] >>> HTTP REQUEST GET https://admin.firebase.com/v1/database/friendly-tutorial/tokens  
  
 Fri Dec 08 2017 19:52:08 GMT+0530 (India Standard Time)
[debug] [2017-12-08T14:22:10.025Z] <<< HTTP RESPONSE 200
[info] 
[info] === Serving from 'E:\web-dev-projects\friendlychat-web\web-start'...
[info] 
[debug] [2017-12-08T14:22:10.027Z] >>> HTTP REQUEST GET https://cloudresourcemanager.googleapis.com/v1/projects/friendly-tutorial  
  
 Fri Dec 08 2017 19:52:10 GMT+0530 (India Standard Time)
[debug] [2017-12-08T14:22:11.943Z] <<< HTTP RESPONSE 200
[debug] [2017-12-08T14:22:11.943Z] >>> HTTP REQUEST GET https://mobilesdk-pa.googleapis.com/v1/projects/790634897669/clients/_:getWebAppConfig  
  
 Fri Dec 08 2017 19:52:11 GMT+0530 (India Standard Time)
[debug] [2017-12-08T14:22:13.269Z] <<< HTTP RESPONSE 200
[info] i  hosting: Serving hosting files from: ./
[info] +  hosting: Local server: http://localhost:5000

